{"__type":"$$EventMessageWorkflow","id":"80c3e7b7-9d19-451a-9f4f-4ca6499757bd","ts":"2025-11-15T14:19:28.091+03:00","eventName":"n8n.workflow.started","message":"n8n.workflow.started","payload":{"executionId":"41","workflowId":"JyXO99tAXRqHwIxp","isManual":false,"workflowName":"Repair Tracker - WhatsApp Notifications"}}
{"__type":"$$EventMessageConfirm","confirm":"80c3e7b7-9d19-451a-9f4f-4ca6499757bd","ts":"2025-11-15T14:19:28.092+03:00","source":{"id":"0","name":"eventBus"}}
{"__type":"$$EventMessageNode","id":"f53424f8-aa5a-4d46-9449-5dfb69b710a6","ts":"2025-11-15T14:19:28.093+03:00","eventName":"n8n.node.started","message":"n8n.node.started","payload":{"workflowId":"JyXO99tAXRqHwIxp","workflowName":"Repair Tracker - WhatsApp Notifications","executionId":"41","nodeType":"n8n-nodes-base.webhook","nodeName":"Webhook - Repair Update","nodeId":"e2b978d4-aef7-40a7-861b-2ce96746b959"}}
{"__type":"$$EventMessageConfirm","confirm":"f53424f8-aa5a-4d46-9449-5dfb69b710a6","ts":"2025-11-15T14:19:28.094+03:00","source":{"id":"0","name":"eventBus"}}
{"__type":"$$EventMessageNode","id":"9a5d01d9-f5e9-4228-b771-0245da3ba902","ts":"2025-11-15T14:19:28.095+03:00","eventName":"n8n.node.finished","message":"n8n.node.finished","payload":{"workflowId":"JyXO99tAXRqHwIxp","workflowName":"Repair Tracker - WhatsApp Notifications","executionId":"41","nodeType":"n8n-nodes-base.webhook","nodeName":"Webhook - Repair Update","nodeId":"e2b978d4-aef7-40a7-861b-2ce96746b959"}}
{"__type":"$$EventMessageConfirm","confirm":"9a5d01d9-f5e9-4228-b771-0245da3ba902","ts":"2025-11-15T14:19:28.096+03:00","source":{"id":"0","name":"eventBus"}}
{"__type":"$$EventMessageNode","id":"79a67dd9-61ea-41ff-a7e5-7d798c25b1f8","ts":"2025-11-15T14:19:28.096+03:00","eventName":"n8n.node.started","message":"n8n.node.started","payload":{"workflowId":"JyXO99tAXRqHwIxp","workflowName":"Repair Tracker - WhatsApp Notifications","executionId":"41","nodeType":"n8n-nodes-base.switch","nodeName":"Check Action Type","nodeId":"78d3dc73-c71e-4885-9e14-e2ec95ba910b"}}
{"__type":"$$EventMessageConfirm","confirm":"79a67dd9-61ea-41ff-a7e5-7d798c25b1f8","ts":"2025-11-15T14:19:28.097+03:00","source":{"id":"0","name":"eventBus"}}
{"__type":"$$EventMessageNode","id":"e532cf39-5d50-44f1-a6a8-ccb5c07b6826","ts":"2025-11-15T14:19:28.107+03:00","eventName":"n8n.node.finished","message":"n8n.node.finished","payload":{"workflowId":"JyXO99tAXRqHwIxp","workflowName":"Repair Tracker - WhatsApp Notifications","executionId":"41","nodeType":"n8n-nodes-base.switch","nodeName":"Check Action Type","nodeId":"78d3dc73-c71e-4885-9e14-e2ec95ba910b"}}
{"__type":"$$EventMessageConfirm","confirm":"e532cf39-5d50-44f1-a6a8-ccb5c07b6826","ts":"2025-11-15T14:19:28.107+03:00","source":{"id":"0","name":"eventBus"}}
{"__type":"$$EventMessageNode","id":"03cf69d6-4c1b-4081-bc11-9885d58ccaa2","ts":"2025-11-15T14:19:28.108+03:00","eventName":"n8n.node.started","message":"n8n.node.started","payload":{"workflowId":"JyXO99tAXRqHwIxp","workflowName":"Repair Tracker - WhatsApp Notifications","executionId":"41","nodeType":"n8n-nodes-base.set","nodeName":"Prepare New Repair Message","nodeId":"0f425ad0-516d-4d72-8fed-177691b7fdbd"}}
{"__type":"$$EventMessageConfirm","confirm":"03cf69d6-4c1b-4081-bc11-9885d58ccaa2","ts":"2025-11-15T14:19:28.108+03:00","source":{"id":"0","name":"eventBus"}}
{"__type":"$$EventMessageNode","id":"f32d1ab3-d2b6-4370-911d-f1f71863c084","ts":"2025-11-15T14:19:28.154+03:00","eventName":"n8n.node.finished","message":"n8n.node.finished","payload":{"workflowId":"JyXO99tAXRqHwIxp","workflowName":"Repair Tracker - WhatsApp Notifications","executionId":"41","nodeType":"n8n-nodes-base.set","nodeName":"Prepare New Repair Message","nodeId":"0f425ad0-516d-4d72-8fed-177691b7fdbd"}}
{"__type":"$$EventMessageConfirm","confirm":"f32d1ab3-d2b6-4370-911d-f1f71863c084","ts":"2025-11-15T14:19:28.154+03:00","source":{"id":"0","name":"eventBus"}}
{"__type":"$$EventMessageNode","id":"a281c850-9531-4d9c-a06e-2ad36ee2e1a7","ts":"2025-11-15T14:19:28.154+03:00","eventName":"n8n.node.started","message":"n8n.node.started","payload":{"workflowId":"JyXO99tAXRqHwIxp","workflowName":"Repair Tracker - WhatsApp Notifications","executionId":"41","nodeType":"n8n-nodes-base.function","nodeName":"Format Phone Number","nodeId":"6f067f99-b258-4f5a-b2fd-0b77cb9ee265"}}
{"__type":"$$EventMessageConfirm","confirm":"a281c850-9531-4d9c-a06e-2ad36ee2e1a7","ts":"2025-11-15T14:19:28.155+03:00","source":{"id":"0","name":"eventBus"}}
{"__type":"$$EventMessageNode","id":"f801e94c-f5d6-4c84-8294-24a7bf17122e","ts":"2025-11-15T14:19:28.184+03:00","eventName":"n8n.node.finished","message":"n8n.node.finished","payload":{"workflowId":"JyXO99tAXRqHwIxp","workflowName":"Repair Tracker - WhatsApp Notifications","executionId":"41","nodeType":"n8n-nodes-base.function","nodeName":"Format Phone Number","nodeId":"6f067f99-b258-4f5a-b2fd-0b77cb9ee265"}}
{"__type":"$$EventMessageConfirm","confirm":"f801e94c-f5d6-4c84-8294-24a7bf17122e","ts":"2025-11-15T14:19:28.184+03:00","source":{"id":"0","name":"eventBus"}}
{"__type":"$$EventMessageNode","id":"6edc2873-b64e-4a70-bb65-0e1935691cda","ts":"2025-11-15T14:19:28.185+03:00","eventName":"n8n.node.started","message":"n8n.node.started","payload":{"workflowId":"JyXO99tAXRqHwIxp","workflowName":"Repair Tracker - WhatsApp Notifications","executionId":"41","nodeType":"n8n-nodes-base.httpRequest","nodeName":"Send WhatsApp Message","nodeId":"be0bed73-23d1-4dd2-90f7-73c8266818f7"}}
{"__type":"$$EventMessageConfirm","confirm":"6edc2873-b64e-4a70-bb65-0e1935691cda","ts":"2025-11-15T14:19:28.185+03:00","source":{"id":"0","name":"eventBus"}}
{"__type":"$$EventMessageNode","id":"c06fe791-c0e8-4f00-8b12-dc5f16c54cde","ts":"2025-11-15T14:19:28.355+03:00","eventName":"n8n.node.finished","message":"n8n.node.finished","payload":{"workflowId":"JyXO99tAXRqHwIxp","workflowName":"Repair Tracker - WhatsApp Notifications","executionId":"41","nodeType":"n8n-nodes-base.httpRequest","nodeName":"Send WhatsApp Message","nodeId":"be0bed73-23d1-4dd2-90f7-73c8266818f7"}}
{"__type":"$$EventMessageConfirm","confirm":"c06fe791-c0e8-4f00-8b12-dc5f16c54cde","ts":"2025-11-15T14:19:28.355+03:00","source":{"id":"0","name":"eventBus"}}
{"__type":"$$EventMessageNode","id":"01f0a90d-df22-415c-b583-079d75152d74","ts":"2025-11-15T14:19:28.356+03:00","eventName":"n8n.node.started","message":"n8n.node.started","payload":{"workflowId":"JyXO99tAXRqHwIxp","workflowName":"Repair Tracker - WhatsApp Notifications","executionId":"41","nodeType":"n8n-nodes-base.if","nodeName":"Check for Errors","nodeId":"f8f6cfe8-bac7-4649-9bda-d38275fb0574"}}
{"__type":"$$EventMessageConfirm","confirm":"01f0a90d-df22-415c-b583-079d75152d74","ts":"2025-11-15T14:19:28.356+03:00","source":{"id":"0","name":"eventBus"}}
{"__type":"$$EventMessageNode","id":"aedc7e29-1dd3-4c39-a157-1545e5d9b040","ts":"2025-11-15T14:19:28.361+03:00","eventName":"n8n.node.finished","message":"n8n.node.finished","payload":{"workflowId":"JyXO99tAXRqHwIxp","workflowName":"Repair Tracker - WhatsApp Notifications","executionId":"41","nodeType":"n8n-nodes-base.if","nodeName":"Check for Errors","nodeId":"f8f6cfe8-bac7-4649-9bda-d38275fb0574"}}
{"__type":"$$EventMessageConfirm","confirm":"aedc7e29-1dd3-4c39-a157-1545e5d9b040","ts":"2025-11-15T14:19:28.361+03:00","source":{"id":"0","name":"eventBus"}}
{"__type":"$$EventMessageNode","id":"8250f309-9fdb-47dd-81e8-669f2de9f4f6","ts":"2025-11-15T14:19:28.361+03:00","eventName":"n8n.node.started","message":"n8n.node.started","payload":{"workflowId":"JyXO99tAXRqHwIxp","workflowName":"Repair Tracker - WhatsApp Notifications","executionId":"41","nodeType":"n8n-nodes-base.set","nodeName":"Prepare Success Log","nodeId":"b5d87ae7-8816-44a4-87a3-4aad20931704"}}
{"__type":"$$EventMessageConfirm","confirm":"8250f309-9fdb-47dd-81e8-669f2de9f4f6","ts":"2025-11-15T14:19:28.362+03:00","source":{"id":"0","name":"eventBus"}}
{"__type":"$$EventMessageNode","id":"72978e90-18fc-435a-81da-be15ccd76603","ts":"2025-11-15T14:19:28.426+03:00","eventName":"n8n.node.finished","message":"n8n.node.finished","payload":{"workflowId":"JyXO99tAXRqHwIxp","workflowName":"Repair Tracker - WhatsApp Notifications","executionId":"41","nodeType":"n8n-nodes-base.set","nodeName":"Prepare Success Log","nodeId":"b5d87ae7-8816-44a4-87a3-4aad20931704"}}
{"__type":"$$EventMessageConfirm","confirm":"72978e90-18fc-435a-81da-be15ccd76603","ts":"2025-11-15T14:19:28.426+03:00","source":{"id":"0","name":"eventBus"}}
{"__type":"$$EventMessageNode","id":"4eb3beea-906e-4793-8f95-df84389b21ed","ts":"2025-11-15T14:19:28.427+03:00","eventName":"n8n.node.started","message":"n8n.node.started","payload":{"workflowId":"JyXO99tAXRqHwIxp","workflowName":"Repair Tracker - WhatsApp Notifications","executionId":"41","nodeType":"n8n-nodes-base.telegram","nodeName":"Send a text message","nodeId":"44aeb5d5-c11d-4306-b689-76b5e997df4d"}}
{"__type":"$$EventMessageConfirm","confirm":"4eb3beea-906e-4793-8f95-df84389b21ed","ts":"2025-11-15T14:19:28.427+03:00","source":{"id":"0","name":"eventBus"}}
{"__type":"$$EventMessageNode","id":"8b3cb545-e266-4f08-b419-42a86f5fedb3","ts":"2025-11-15T14:19:28.528+03:00","eventName":"n8n.node.finished","message":"n8n.node.finished","payload":{"workflowId":"JyXO99tAXRqHwIxp","workflowName":"Repair Tracker - WhatsApp Notifications","executionId":"41","nodeType":"n8n-nodes-base.telegram","nodeName":"Send a text message","nodeId":"44aeb5d5-c11d-4306-b689-76b5e997df4d"}}
{"__type":"$$EventMessageConfirm","confirm":"8b3cb545-e266-4f08-b419-42a86f5fedb3","ts":"2025-11-15T14:19:28.528+03:00","source":{"id":"0","name":"eventBus"}}
{"__type":"$$EventMessageNode","id":"a409250e-afb0-43f4-ae08-1f6579d4c2fd","ts":"2025-11-15T14:19:28.529+03:00","eventName":"n8n.node.started","message":"n8n.node.started","payload":{"workflowId":"JyXO99tAXRqHwIxp","workflowName":"Repair Tracker - WhatsApp Notifications","executionId":"41","nodeType":"n8n-nodes-base.googleSheets","nodeName":"Log to Google Sheets","nodeId":"33c36864-20ef-426a-8683-9c0e7feb44a3"}}
{"__type":"$$EventMessageConfirm","confirm":"a409250e-afb0-43f4-ae08-1f6579d4c2fd","ts":"2025-11-15T14:19:28.529+03:00","source":{"id":"0","name":"eventBus"}}
{"__type":"$$EventMessageNode","id":"ec5120a4-1a3a-4651-9790-3aea3b93f3bd","ts":"2025-11-15T14:19:30.889+03:00","eventName":"n8n.node.finished","message":"n8n.node.finished","payload":{"workflowId":"JyXO99tAXRqHwIxp","workflowName":"Repair Tracker - WhatsApp Notifications","executionId":"41","nodeType":"n8n-nodes-base.googleSheets","nodeName":"Log to Google Sheets","nodeId":"33c36864-20ef-426a-8683-9c0e7feb44a3"}}
{"__type":"$$EventMessageConfirm","confirm":"ec5120a4-1a3a-4651-9790-3aea3b93f3bd","ts":"2025-11-15T14:19:30.889+03:00","source":{"id":"0","name":"eventBus"}}
{"__type":"$$EventMessageWorkflow","id":"8f6372d8-234e-4025-ba66-3ab68a4c208c","ts":"2025-11-15T14:19:30.890+03:00","eventName":"n8n.workflow.success","message":"n8n.workflow.success","payload":{"executionId":"41","success":true,"isManual":false,"workflowId":"JyXO99tAXRqHwIxp","workflowName":"Repair Tracker - WhatsApp Notifications"}}
{"__type":"$$EventMessageConfirm","confirm":"8f6372d8-234e-4025-ba66-3ab68a4c208c","ts":"2025-11-15T14:19:30.890+03:00","source":{"id":"0","name":"eventBus"}}
{"__type":"$$EventMessageWorkflow","id":"914b7156-bfb7-4b67-9f43-6e4e6969ec36","ts":"2025-11-15T14:22:18.511+03:00","eventName":"n8n.workflow.started","message":"n8n.workflow.started","payload":{"executionId":"42","workflowId":"JyXO99tAXRqHwIxp","isManual":false,"workflowName":"Repair Tracker - WhatsApp Notifications"}}
{"__type":"$$EventMessageConfirm","confirm":"914b7156-bfb7-4b67-9f43-6e4e6969ec36","ts":"2025-11-15T14:22:18.511+03:00","source":{"id":"0","name":"eventBus"}}
{"__type":"$$EventMessageNode","id":"a81dd8b1-6461-4369-9490-e05d126efa32","ts":"2025-11-15T14:22:18.513+03:00","eventName":"n8n.node.started","message":"n8n.node.started","payload":{"workflowId":"JyXO99tAXRqHwIxp","workflowName":"Repair Tracker - WhatsApp Notifications","executionId":"42","nodeType":"n8n-nodes-base.if","nodeName":"Check for Errors","nodeId":"f8f6cfe8-bac7-4649-9bda-d38275fb0574"}}
{"__type":"$$EventMessageConfirm","confirm":"a81dd8b1-6461-4369-9490-e05d126efa32","ts":"2025-11-15T14:22:18.513+03:00","source":{"id":"0","name":"eventBus"}}
{"__type":"$$EventMessageNode","id":"062d1469-f852-467b-83d4-627ae9b6ac05","ts":"2025-11-15T14:22:18.516+03:00","eventName":"n8n.node.finished","message":"n8n.node.finished","payload":{"workflowId":"JyXO99tAXRqHwIxp","workflowName":"Repair Tracker - WhatsApp Notifications","executionId":"42","nodeType":"n8n-nodes-base.if","nodeName":"Check for Errors","nodeId":"f8f6cfe8-bac7-4649-9bda-d38275fb0574"}}
{"__type":"$$EventMessageConfirm","confirm":"062d1469-f852-467b-83d4-627ae9b6ac05","ts":"2025-11-15T14:22:18.517+03:00","source":{"id":"0","name":"eventBus"}}
{"__type":"$$EventMessageWorkflow","id":"9591e618-e936-4e41-b7da-2e52cc2bd8b9","ts":"2025-11-15T14:22:18.523+03:00","eventName":"n8n.workflow.success","message":"n8n.workflow.success","payload":{"userId":"1bed3f9d-86be-4c5a-aeaf-10fb608b575b","executionId":"42","success":true,"isManual":true,"workflowId":"JyXO99tAXRqHwIxp","workflowName":"Repair Tracker - WhatsApp Notifications"}}
{"__type":"$$EventMessageConfirm","confirm":"9591e618-e936-4e41-b7da-2e52cc2bd8b9","ts":"2025-11-15T14:22:18.523+03:00","source":{"id":"0","name":"eventBus"}}
{"__type":"$$EventMessageWorkflow","id":"ff63066b-72b4-4dca-ae3e-64b58fb343f9","ts":"2025-11-15T14:22:26.546+03:00","eventName":"n8n.workflow.started","message":"n8n.workflow.started","payload":{"executionId":"43","workflowId":"JyXO99tAXRqHwIxp","isManual":false,"workflowName":"Repair Tracker - WhatsApp Notifications"}}
{"__type":"$$EventMessageConfirm","confirm":"ff63066b-72b4-4dca-ae3e-64b58fb343f9","ts":"2025-11-15T14:22:26.546+03:00","source":{"id":"0","name":"eventBus"}}
{"__type":"$$EventMessageNode","id":"307709cd-24c3-4a6f-83fd-e98f835ad44f","ts":"2025-11-15T14:22:26.546+03:00","eventName":"n8n.node.started","message":"n8n.node.started","payload":{"workflowId":"JyXO99tAXRqHwIxp","workflowName":"Repair Tracker - WhatsApp Notifications","executionId":"43","nodeType":"n8n-nodes-base.webhook","nodeName":"Webhook - Repair Update","nodeId":"e2b978d4-aef7-40a7-861b-2ce96746b959"}}
{"__type":"$$EventMessageConfirm","confirm":"307709cd-24c3-4a6f-83fd-e98f835ad44f","ts":"2025-11-15T14:22:26.547+03:00","source":{"id":"0","name":"eventBus"}}
{"__type":"$$EventMessageNode","id":"6a2fb9eb-67c0-4cf7-a844-1b731bde03f8","ts":"2025-11-15T14:22:26.547+03:00","eventName":"n8n.node.finished","message":"n8n.node.finished","payload":{"workflowId":"JyXO99tAXRqHwIxp","workflowName":"Repair Tracker - WhatsApp Notifications","executionId":"43","nodeType":"n8n-nodes-base.webhook","nodeName":"Webhook - Repair Update","nodeId":"e2b978d4-aef7-40a7-861b-2ce96746b959"}}
{"__type":"$$EventMessageConfirm","confirm":"6a2fb9eb-67c0-4cf7-a844-1b731bde03f8","ts":"2025-11-15T14:22:26.547+03:00","source":{"id":"0","name":"eventBus"}}
{"__type":"$$EventMessageNode","id":"7e1edc33-14ec-49ef-a27b-208a935d87fc","ts":"2025-11-15T14:22:26.548+03:00","eventName":"n8n.node.started","message":"n8n.node.started","payload":{"workflowId":"JyXO99tAXRqHwIxp","workflowName":"Repair Tracker - WhatsApp Notifications","executionId":"43","nodeType":"n8n-nodes-base.switch","nodeName":"Check Action Type","nodeId":"78d3dc73-c71e-4885-9e14-e2ec95ba910b"}}
{"__type":"$$EventMessageConfirm","confirm":"7e1edc33-14ec-49ef-a27b-208a935d87fc","ts":"2025-11-15T14:22:26.548+03:00","source":{"id":"0","name":"eventBus"}}
{"__type":"$$EventMessageNode","id":"9c5c1659-b6c8-478f-9a88-fe6d7398c881","ts":"2025-11-15T14:22:26.550+03:00","eventName":"n8n.node.finished","message":"n8n.node.finished","payload":{"workflowId":"JyXO99tAXRqHwIxp","workflowName":"Repair Tracker - WhatsApp Notifications","executionId":"43","nodeType":"n8n-nodes-base.switch","nodeName":"Check Action Type","nodeId":"78d3dc73-c71e-4885-9e14-e2ec95ba910b"}}
{"__type":"$$EventMessageConfirm","confirm":"9c5c1659-b6c8-478f-9a88-fe6d7398c881","ts":"2025-11-15T14:22:26.550+03:00","source":{"id":"0","name":"eventBus"}}
{"__type":"$$EventMessageNode","id":"f47827f2-d10a-4c45-a5c3-600ef7ea331f","ts":"2025-11-15T14:22:26.550+03:00","eventName":"n8n.node.started","message":"n8n.node.started","payload":{"workflowId":"JyXO99tAXRqHwIxp","workflowName":"Repair Tracker - WhatsApp Notifications","executionId":"43","nodeType":"n8n-nodes-base.set","nodeName":"Prepare New Repair Message","nodeId":"0f425ad0-516d-4d72-8fed-177691b7fdbd"}}
{"__type":"$$EventMessageConfirm","confirm":"f47827f2-d10a-4c45-a5c3-600ef7ea331f","ts":"2025-11-15T14:22:26.550+03:00","source":{"id":"0","name":"eventBus"}}
{"__type":"$$EventMessageNode","id":"1698d21d-0f21-403d-9c60-839e7e326e11","ts":"2025-11-15T14:22:26.552+03:00","eventName":"n8n.node.finished","message":"n8n.node.finished","payload":{"workflowId":"JyXO99tAXRqHwIxp","workflowName":"Repair Tracker - WhatsApp Notifications","executionId":"43","nodeType":"n8n-nodes-base.set","nodeName":"Prepare New Repair Message","nodeId":"0f425ad0-516d-4d72-8fed-177691b7fdbd"}}
{"__type":"$$EventMessageConfirm","confirm":"1698d21d-0f21-403d-9c60-839e7e326e11","ts":"2025-11-15T14:22:26.552+03:00","source":{"id":"0","name":"eventBus"}}
{"__type":"$$EventMessageNode","id":"d0d4f0bc-d24b-4a33-be35-51b28a8b1361","ts":"2025-11-15T14:22:26.552+03:00","eventName":"n8n.node.started","message":"n8n.node.started","payload":{"workflowId":"JyXO99tAXRqHwIxp","workflowName":"Repair Tracker - WhatsApp Notifications","executionId":"43","nodeType":"n8n-nodes-base.function","nodeName":"Format Phone Number","nodeId":"6f067f99-b258-4f5a-b2fd-0b77cb9ee265"}}
{"__type":"$$EventMessageConfirm","confirm":"d0d4f0bc-d24b-4a33-be35-51b28a8b1361","ts":"2025-11-15T14:22:26.552+03:00","source":{"id":"0","name":"eventBus"}}
{"__type":"$$EventMessageNode","id":"fafc3a6d-c983-4068-99c7-76588135416c","ts":"2025-11-15T14:22:26.559+03:00","eventName":"n8n.node.finished","message":"n8n.node.finished","payload":{"workflowId":"JyXO99tAXRqHwIxp","workflowName":"Repair Tracker - WhatsApp Notifications","executionId":"43","nodeType":"n8n-nodes-base.function","nodeName":"Format Phone Number","nodeId":"6f067f99-b258-4f5a-b2fd-0b77cb9ee265"}}
{"__type":"$$EventMessageConfirm","confirm":"fafc3a6d-c983-4068-99c7-76588135416c","ts":"2025-11-15T14:22:26.559+03:00","source":{"id":"0","name":"eventBus"}}
{"__type":"$$EventMessageNode","id":"1281ae77-8b5b-41fa-ba1d-a253ad1968e4","ts":"2025-11-15T14:22:26.559+03:00","eventName":"n8n.node.started","message":"n8n.node.started","payload":{"workflowId":"JyXO99tAXRqHwIxp","workflowName":"Repair Tracker - WhatsApp Notifications","executionId":"43","nodeType":"n8n-nodes-base.httpRequest","nodeName":"Send WhatsApp Message","nodeId":"be0bed73-23d1-4dd2-90f7-73c8266818f7"}}
{"__type":"$$EventMessageConfirm","confirm":"1281ae77-8b5b-41fa-ba1d-a253ad1968e4","ts":"2025-11-15T14:22:26.560+03:00","source":{"id":"0","name":"eventBus"}}
{"__type":"$$EventMessageNode","id":"86a5d416-2df6-4699-99b7-afd971fe260c","ts":"2025-11-15T14:22:27.149+03:00","eventName":"n8n.node.finished","message":"n8n.node.finished","payload":{"workflowId":"JyXO99tAXRqHwIxp","workflowName":"Repair Tracker - WhatsApp Notifications","executionId":"43","nodeType":"n8n-nodes-base.httpRequest","nodeName":"Send WhatsApp Message","nodeId":"be0bed73-23d1-4dd2-90f7-73c8266818f7"}}
{"__type":"$$EventMessageConfirm","confirm":"86a5d416-2df6-4699-99b7-afd971fe260c","ts":"2025-11-15T14:22:27.149+03:00","source":{"id":"0","name":"eventBus"}}
{"__type":"$$EventMessageNode","id":"c8b898a4-cd1a-46db-afb8-d33bde17a5ed","ts":"2025-11-15T14:22:27.149+03:00","eventName":"n8n.node.started","message":"n8n.node.started","payload":{"workflowId":"JyXO99tAXRqHwIxp","workflowName":"Repair Tracker - WhatsApp Notifications","executionId":"43","nodeType":"n8n-nodes-base.if","nodeName":"Check for Errors","nodeId":"f8f6cfe8-bac7-4649-9bda-d38275fb0574"}}
{"__type":"$$EventMessageConfirm","confirm":"c8b898a4-cd1a-46db-afb8-d33bde17a5ed","ts":"2025-11-15T14:22:27.149+03:00","source":{"id":"0","name":"eventBus"}}
{"__type":"$$EventMessageNode","id":"a3de9ac5-cac2-420c-ae88-59ce027055cb","ts":"2025-11-15T14:22:27.150+03:00","eventName":"n8n.node.finished","message":"n8n.node.finished","payload":{"workflowId":"JyXO99tAXRqHwIxp","workflowName":"Repair Tracker - WhatsApp Notifications","executionId":"43","nodeType":"n8n-nodes-base.if","nodeName":"Check for Errors","nodeId":"f8f6cfe8-bac7-4649-9bda-d38275fb0574"}}
{"__type":"$$EventMessageConfirm","confirm":"a3de9ac5-cac2-420c-ae88-59ce027055cb","ts":"2025-11-15T14:22:27.150+03:00","source":{"id":"0","name":"eventBus"}}
{"__type":"$$EventMessageNode","id":"7602eb35-b87f-4ca6-b523-220c8b7cb5f5","ts":"2025-11-15T14:22:27.150+03:00","eventName":"n8n.node.started","message":"n8n.node.started","payload":{"workflowId":"JyXO99tAXRqHwIxp","workflowName":"Repair Tracker - WhatsApp Notifications","executionId":"43","nodeType":"n8n-nodes-base.set","nodeName":"Prepare Success Log","nodeId":"b5d87ae7-8816-44a4-87a3-4aad20931704"}}
{"__type":"$$EventMessageConfirm","confirm":"7602eb35-b87f-4ca6-b523-220c8b7cb5f5","ts":"2025-11-15T14:22:27.150+03:00","source":{"id":"0","name":"eventBus"}}
{"__type":"$$EventMessageNode","id":"2ba9ab43-74ee-4fe2-82a2-806f7547545a","ts":"2025-11-15T14:22:27.152+03:00","eventName":"n8n.node.finished","message":"n8n.node.finished","payload":{"workflowId":"JyXO99tAXRqHwIxp","workflowName":"Repair Tracker - WhatsApp Notifications","executionId":"43","nodeType":"n8n-nodes-base.set","nodeName":"Prepare Success Log","nodeId":"b5d87ae7-8816-44a4-87a3-4aad20931704"}}
{"__type":"$$EventMessageConfirm","confirm":"2ba9ab43-74ee-4fe2-82a2-806f7547545a","ts":"2025-11-15T14:22:27.152+03:00","source":{"id":"0","name":"eventBus"}}
{"__type":"$$EventMessageNode","id":"00e84c59-cfeb-44dc-adca-1c49a17a4023","ts":"2025-11-15T14:22:27.153+03:00","eventName":"n8n.node.started","message":"n8n.node.started","payload":{"workflowId":"JyXO99tAXRqHwIxp","workflowName":"Repair Tracker - WhatsApp Notifications","executionId":"43","nodeType":"n8n-nodes-base.telegram","nodeName":"Send a text message","nodeId":"44aeb5d5-c11d-4306-b689-76b5e997df4d"}}
{"__type":"$$EventMessageConfirm","confirm":"00e84c59-cfeb-44dc-adca-1c49a17a4023","ts":"2025-11-15T14:22:27.153+03:00","source":{"id":"0","name":"eventBus"}}
{"__type":"$$EventMessageNode","id":"0220d233-c0ec-4e69-a1d8-c562ad84a976","ts":"2025-11-15T14:22:27.325+03:00","eventName":"n8n.node.finished","message":"n8n.node.finished","payload":{"workflowId":"JyXO99tAXRqHwIxp","workflowName":"Repair Tracker - WhatsApp Notifications","executionId":"43","nodeType":"n8n-nodes-base.telegram","nodeName":"Send a text message","nodeId":"44aeb5d5-c11d-4306-b689-76b5e997df4d"}}
{"__type":"$$EventMessageConfirm","confirm":"0220d233-c0ec-4e69-a1d8-c562ad84a976","ts":"2025-11-15T14:22:27.325+03:00","source":{"id":"0","name":"eventBus"}}
{"__type":"$$EventMessageNode","id":"584af1de-2d46-4b84-a513-e9df57c4438d","ts":"2025-11-15T14:22:27.326+03:00","eventName":"n8n.node.started","message":"n8n.node.started","payload":{"workflowId":"JyXO99tAXRqHwIxp","workflowName":"Repair Tracker - WhatsApp Notifications","executionId":"43","nodeType":"n8n-nodes-base.googleSheets","nodeName":"Log to Google Sheets","nodeId":"33c36864-20ef-426a-8683-9c0e7feb44a3"}}
{"__type":"$$EventMessageConfirm","confirm":"584af1de-2d46-4b84-a513-e9df57c4438d","ts":"2025-11-15T14:22:27.326+03:00","source":{"id":"0","name":"eventBus"}}
{"__type":"$$EventMessageNode","id":"ec40d28d-baa9-400b-8f4b-23d687987df1","ts":"2025-11-15T14:22:29.072+03:00","eventName":"n8n.node.finished","message":"n8n.node.finished","payload":{"workflowId":"JyXO99tAXRqHwIxp","workflowName":"Repair Tracker - WhatsApp Notifications","executionId":"43","nodeType":"n8n-nodes-base.googleSheets","nodeName":"Log to Google Sheets","nodeId":"33c36864-20ef-426a-8683-9c0e7feb44a3"}}
{"__type":"$$EventMessageConfirm","confirm":"ec40d28d-baa9-400b-8f4b-23d687987df1","ts":"2025-11-15T14:22:29.073+03:00","source":{"id":"0","name":"eventBus"}}
{"__type":"$$EventMessageWorkflow","id":"f9d15c9e-3947-4e6e-86cc-a4b1a14a7dd5","ts":"2025-11-15T14:22:29.075+03:00","eventName":"n8n.workflow.success","message":"n8n.workflow.success","payload":{"userId":"1bed3f9d-86be-4c5a-aeaf-10fb608b575b","executionId":"43","success":true,"isManual":true,"workflowId":"JyXO99tAXRqHwIxp","workflowName":"Repair Tracker - WhatsApp Notifications"}}
{"__type":"$$EventMessageConfirm","confirm":"f9d15c9e-3947-4e6e-86cc-a4b1a14a7dd5","ts":"2025-11-15T14:22:29.076+03:00","source":{"id":"0","name":"eventBus"}}
