{"__type":"$$EventMessageWorkflow","id":"c03e0580-a3d0-4fbe-b65f-1e83d41b423f","ts":"2025-11-15T19:14:42.763+03:00","eventName":"n8n.workflow.started","message":"n8n.workflow.started","payload":{"executionId":"70","workflowId":"JyXO99tAXRqHwIxp","isManual":false,"workflowName":"Repair Tracker - WhatsApp Notifications"}}
{"__type":"$$EventMessageConfirm","confirm":"c03e0580-a3d0-4fbe-b65f-1e83d41b423f","ts":"2025-11-15T19:14:42.763+03:00","source":{"id":"0","name":"eventBus"}}
{"__type":"$$EventMessageNode","id":"3845109d-b609-43c2-be98-67086f007d48","ts":"2025-11-15T19:14:42.763+03:00","eventName":"n8n.node.started","message":"n8n.node.started","payload":{"workflowId":"JyXO99tAXRqHwIxp","workflowName":"Repair Tracker - WhatsApp Notifications","executionId":"70","nodeType":"n8n-nodes-base.webhook","nodeName":"Webhook - Repair Update","nodeId":"e2b978d4-aef7-40a7-861b-2ce96746b959"}}
{"__type":"$$EventMessageConfirm","confirm":"3845109d-b609-43c2-be98-67086f007d48","ts":"2025-11-15T19:14:42.763+03:00","source":{"id":"0","name":"eventBus"}}
{"__type":"$$EventMessageNode","id":"be2a4e63-891e-4d91-908d-11a3a706521e","ts":"2025-11-15T19:14:42.764+03:00","eventName":"n8n.node.finished","message":"n8n.node.finished","payload":{"workflowId":"JyXO99tAXRqHwIxp","workflowName":"Repair Tracker - WhatsApp Notifications","executionId":"70","nodeType":"n8n-nodes-base.webhook","nodeName":"Webhook - Repair Update","nodeId":"e2b978d4-aef7-40a7-861b-2ce96746b959"}}
{"__type":"$$EventMessageConfirm","confirm":"be2a4e63-891e-4d91-908d-11a3a706521e","ts":"2025-11-15T19:14:42.764+03:00","source":{"id":"0","name":"eventBus"}}
{"__type":"$$EventMessageNode","id":"82e75487-5b30-499a-9001-d1647d17c243","ts":"2025-11-15T19:14:42.765+03:00","eventName":"n8n.node.started","message":"n8n.node.started","payload":{"workflowId":"JyXO99tAXRqHwIxp","workflowName":"Repair Tracker - WhatsApp Notifications","executionId":"70","nodeType":"n8n-nodes-base.switch","nodeName":"Check Action Type","nodeId":"78d3dc73-c71e-4885-9e14-e2ec95ba910b"}}
{"__type":"$$EventMessageConfirm","confirm":"82e75487-5b30-499a-9001-d1647d17c243","ts":"2025-11-15T19:14:42.765+03:00","source":{"id":"0","name":"eventBus"}}
{"__type":"$$EventMessageNode","id":"cf0ebe67-bfe9-4282-b690-7ec9c13c6c85","ts":"2025-11-15T19:14:42.772+03:00","eventName":"n8n.node.finished","message":"n8n.node.finished","payload":{"workflowId":"JyXO99tAXRqHwIxp","workflowName":"Repair Tracker - WhatsApp Notifications","executionId":"70","nodeType":"n8n-nodes-base.switch","nodeName":"Check Action Type","nodeId":"78d3dc73-c71e-4885-9e14-e2ec95ba910b"}}
{"__type":"$$EventMessageConfirm","confirm":"cf0ebe67-bfe9-4282-b690-7ec9c13c6c85","ts":"2025-11-15T19:14:42.772+03:00","source":{"id":"0","name":"eventBus"}}
{"__type":"$$EventMessageNode","id":"662ef43c-5db2-4527-9148-fe884c34c4b5","ts":"2025-11-15T19:14:42.772+03:00","eventName":"n8n.node.started","message":"n8n.node.started","payload":{"workflowId":"JyXO99tAXRqHwIxp","workflowName":"Repair Tracker - WhatsApp Notifications","executionId":"70","nodeType":"n8n-nodes-base.set","nodeName":"Prepare New Repair Message","nodeId":"0f425ad0-516d-4d72-8fed-177691b7fdbd"}}
{"__type":"$$EventMessageConfirm","confirm":"662ef43c-5db2-4527-9148-fe884c34c4b5","ts":"2025-11-15T19:14:42.773+03:00","source":{"id":"0","name":"eventBus"}}
{"__type":"$$EventMessageNode","id":"3ee215ba-5a38-4cac-8485-bb4d50f7ac8b","ts":"2025-11-15T19:14:42.798+03:00","eventName":"n8n.node.finished","message":"n8n.node.finished","payload":{"workflowId":"JyXO99tAXRqHwIxp","workflowName":"Repair Tracker - WhatsApp Notifications","executionId":"70","nodeType":"n8n-nodes-base.set","nodeName":"Prepare New Repair Message","nodeId":"0f425ad0-516d-4d72-8fed-177691b7fdbd"}}
{"__type":"$$EventMessageConfirm","confirm":"3ee215ba-5a38-4cac-8485-bb4d50f7ac8b","ts":"2025-11-15T19:14:42.798+03:00","source":{"id":"0","name":"eventBus"}}
{"__type":"$$EventMessageNode","id":"637d9266-0e1b-4bb0-a454-f2c227ccc29c","ts":"2025-11-15T19:14:42.798+03:00","eventName":"n8n.node.started","message":"n8n.node.started","payload":{"workflowId":"JyXO99tAXRqHwIxp","workflowName":"Repair Tracker - WhatsApp Notifications","executionId":"70","nodeType":"n8n-nodes-base.function","nodeName":"Format Phone Number","nodeId":"6f067f99-b258-4f5a-b2fd-0b77cb9ee265"}}
{"__type":"$$EventMessageConfirm","confirm":"637d9266-0e1b-4bb0-a454-f2c227ccc29c","ts":"2025-11-15T19:14:42.798+03:00","source":{"id":"0","name":"eventBus"}}
{"__type":"$$EventMessageNode","id":"64deb2e1-2ae4-4bdc-9841-3535c7bd9590","ts":"2025-11-15T19:14:42.811+03:00","eventName":"n8n.node.finished","message":"n8n.node.finished","payload":{"workflowId":"JyXO99tAXRqHwIxp","workflowName":"Repair Tracker - WhatsApp Notifications","executionId":"70","nodeType":"n8n-nodes-base.function","nodeName":"Format Phone Number","nodeId":"6f067f99-b258-4f5a-b2fd-0b77cb9ee265"}}
{"__type":"$$EventMessageConfirm","confirm":"64deb2e1-2ae4-4bdc-9841-3535c7bd9590","ts":"2025-11-15T19:14:42.811+03:00","source":{"id":"0","name":"eventBus"}}
{"__type":"$$EventMessageNode","id":"bcc0e6a8-1789-48c0-99f7-6da9891bad94","ts":"2025-11-15T19:14:42.811+03:00","eventName":"n8n.node.started","message":"n8n.node.started","payload":{"workflowId":"JyXO99tAXRqHwIxp","workflowName":"Repair Tracker - WhatsApp Notifications","executionId":"70","nodeType":"n8n-nodes-base.httpRequest","nodeName":"Send WhatsApp Message","nodeId":"be0bed73-23d1-4dd2-90f7-73c8266818f7"}}
{"__type":"$$EventMessageConfirm","confirm":"bcc0e6a8-1789-48c0-99f7-6da9891bad94","ts":"2025-11-15T19:14:42.811+03:00","source":{"id":"0","name":"eventBus"}}
{"__type":"$$EventMessageNode","id":"772ab259-b01c-4e72-9a8e-e5aadcfc7217","ts":"2025-11-15T19:14:43.634+03:00","eventName":"n8n.node.finished","message":"n8n.node.finished","payload":{"workflowId":"JyXO99tAXRqHwIxp","workflowName":"Repair Tracker - WhatsApp Notifications","executionId":"70","nodeType":"n8n-nodes-base.httpRequest","nodeName":"Send WhatsApp Message","nodeId":"be0bed73-23d1-4dd2-90f7-73c8266818f7"}}
{"__type":"$$EventMessageConfirm","confirm":"772ab259-b01c-4e72-9a8e-e5aadcfc7217","ts":"2025-11-15T19:14:43.634+03:00","source":{"id":"0","name":"eventBus"}}
{"__type":"$$EventMessageNode","id":"7baf1899-cd24-4452-867b-75c974e45849","ts":"2025-11-15T19:14:43.635+03:00","eventName":"n8n.node.started","message":"n8n.node.started","payload":{"workflowId":"JyXO99tAXRqHwIxp","workflowName":"Repair Tracker - WhatsApp Notifications","executionId":"70","nodeType":"n8n-nodes-base.if","nodeName":"Check for Errors","nodeId":"f8f6cfe8-bac7-4649-9bda-d38275fb0574"}}
{"__type":"$$EventMessageConfirm","confirm":"7baf1899-cd24-4452-867b-75c974e45849","ts":"2025-11-15T19:14:43.635+03:00","source":{"id":"0","name":"eventBus"}}
{"__type":"$$EventMessageNode","id":"90f4b6a7-0d44-4ed0-a139-d9c5ec7925f2","ts":"2025-11-15T19:14:43.670+03:00","eventName":"n8n.node.finished","message":"n8n.node.finished","payload":{"workflowId":"JyXO99tAXRqHwIxp","workflowName":"Repair Tracker - WhatsApp Notifications","executionId":"70","nodeType":"n8n-nodes-base.if","nodeName":"Check for Errors","nodeId":"f8f6cfe8-bac7-4649-9bda-d38275fb0574"}}
{"__type":"$$EventMessageConfirm","confirm":"90f4b6a7-0d44-4ed0-a139-d9c5ec7925f2","ts":"2025-11-15T19:14:43.670+03:00","source":{"id":"0","name":"eventBus"}}
{"__type":"$$EventMessageWorkflow","id":"0faa0a89-8193-437a-b5a2-0cfbc8a61269","ts":"2025-11-15T19:14:43.671+03:00","eventName":"n8n.workflow.failed","message":"n8n.workflow.failed","payload":{"executionId":"70","success":false,"isManual":false,"workflowId":"JyXO99tAXRqHwIxp","workflowName":"Repair Tracker - WhatsApp Notifications","lastNodeExecuted":"Check for Errors","errorNodeType":"n8n-nodes-base.if","errorMessage":"Wrong type: 'مرحباً علي عامر! 👋\n\nتم استلام طلب صيانة جهازك (سونوف بيسك).\nرقم الطلب: RPR-1004-001\nالفرع: كمب سارة\n\nسنقوم بإعلامك عند اكتمال الصيانة.\n\n📍 تتبع حالة طلبك من خلال الرابط:\nhttps://fix.nixflow.xyz/track?id=RPR-1004-001\n\nشكراً لثقتكم ❤️\nNixFlow Repair 🔧' is a string but was expecting an array [condition 1, item 0]"}}
{"__type":"$$EventMessageConfirm","confirm":"0faa0a89-8193-437a-b5a2-0cfbc8a61269","ts":"2025-11-15T19:14:43.671+03:00","source":{"id":"0","name":"eventBus"}}
{"__type":"$$EventMessageAudit","id":"812c7c1d-7076-4e8f-9fb3-0ec224c4c43f","ts":"2025-11-15T19:16:22.171+03:00","eventName":"n8n.audit.workflow.updated","message":"n8n.audit.workflow.updated","payload":{"userId":"1bed3f9d-86be-4c5a-aeaf-10fb608b575b","_email":"ualiamer7@gmail.com","_firstName":"Ali","_lastName":"Amer","globalRole":"global:owner","workflowId":"JyXO99tAXRqHwIxp","workflowName":"Repair Tracker - WhatsApp Notifications"}}
{"__type":"$$EventMessageConfirm","confirm":"812c7c1d-7076-4e8f-9fb3-0ec224c4c43f","ts":"2025-11-15T19:16:22.171+03:00","source":{"id":"0","name":"eventBus"}}
{"__type":"$$EventMessageWorkflow","id":"09e84601-0928-4aee-bc4a-14a874cecb27","ts":"2025-11-15T19:17:09.768+03:00","eventName":"n8n.workflow.started","message":"n8n.workflow.started","payload":{"executionId":"71","workflowId":"JyXO99tAXRqHwIxp","isManual":false,"workflowName":"Repair Tracker - WhatsApp Notifications"}}
{"__type":"$$EventMessageConfirm","confirm":"09e84601-0928-4aee-bc4a-14a874cecb27","ts":"2025-11-15T19:17:09.768+03:00","source":{"id":"0","name":"eventBus"}}
{"__type":"$$EventMessageNode","id":"6e070ff5-1d7d-4a48-b50f-784ef9708bae","ts":"2025-11-15T19:17:09.769+03:00","eventName":"n8n.node.started","message":"n8n.node.started","payload":{"workflowId":"JyXO99tAXRqHwIxp","workflowName":"Repair Tracker - WhatsApp Notifications","executionId":"71","nodeType":"n8n-nodes-base.if","nodeName":"Check for Errors","nodeId":"f8f6cfe8-bac7-4649-9bda-d38275fb0574"}}
{"__type":"$$EventMessageConfirm","confirm":"6e070ff5-1d7d-4a48-b50f-784ef9708bae","ts":"2025-11-15T19:17:09.769+03:00","source":{"id":"0","name":"eventBus"}}
{"__type":"$$EventMessageNode","id":"cbce4c0e-2ae2-4924-8478-95779085916b","ts":"2025-11-15T19:17:09.771+03:00","eventName":"n8n.node.finished","message":"n8n.node.finished","payload":{"workflowId":"JyXO99tAXRqHwIxp","workflowName":"Repair Tracker - WhatsApp Notifications","executionId":"71","nodeType":"n8n-nodes-base.if","nodeName":"Check for Errors","nodeId":"f8f6cfe8-bac7-4649-9bda-d38275fb0574"}}
{"__type":"$$EventMessageConfirm","confirm":"cbce4c0e-2ae2-4924-8478-95779085916b","ts":"2025-11-15T19:17:09.771+03:00","source":{"id":"0","name":"eventBus"}}
{"__type":"$$EventMessageWorkflow","id":"3e8dda7b-cf58-478b-94de-21d8c06ba20c","ts":"2025-11-15T19:17:09.773+03:00","eventName":"n8n.workflow.success","message":"n8n.workflow.success","payload":{"userId":"1bed3f9d-86be-4c5a-aeaf-10fb608b575b","executionId":"71","success":true,"isManual":true,"workflowId":"JyXO99tAXRqHwIxp","workflowName":"Repair Tracker - WhatsApp Notifications"}}
{"__type":"$$EventMessageConfirm","confirm":"3e8dda7b-cf58-478b-94de-21d8c06ba20c","ts":"2025-11-15T19:17:09.773+03:00","source":{"id":"0","name":"eventBus"}}
{"__type":"$$EventMessageWorkflow","id":"b4b0e735-bb5b-4a6d-9f6c-5324f1897cc7","ts":"2025-11-15T19:17:17.391+03:00","eventName":"n8n.workflow.started","message":"n8n.workflow.started","payload":{"executionId":"72","workflowId":"JyXO99tAXRqHwIxp","isManual":false,"workflowName":"Repair Tracker - WhatsApp Notifications"}}
{"__type":"$$EventMessageConfirm","confirm":"b4b0e735-bb5b-4a6d-9f6c-5324f1897cc7","ts":"2025-11-15T19:17:17.391+03:00","source":{"id":"0","name":"eventBus"}}
{"__type":"$$EventMessageNode","id":"b38ed64c-33fc-418e-a5bc-87099d8eddb6","ts":"2025-11-15T19:17:17.391+03:00","eventName":"n8n.node.started","message":"n8n.node.started","payload":{"workflowId":"JyXO99tAXRqHwIxp","workflowName":"Repair Tracker - WhatsApp Notifications","executionId":"72","nodeType":"n8n-nodes-base.webhook","nodeName":"Webhook - Repair Update","nodeId":"e2b978d4-aef7-40a7-861b-2ce96746b959"}}
{"__type":"$$EventMessageConfirm","confirm":"b38ed64c-33fc-418e-a5bc-87099d8eddb6","ts":"2025-11-15T19:17:17.391+03:00","source":{"id":"0","name":"eventBus"}}
{"__type":"$$EventMessageNode","id":"4a263174-856c-431e-8c86-d66af678a525","ts":"2025-11-15T19:17:17.393+03:00","eventName":"n8n.node.finished","message":"n8n.node.finished","payload":{"workflowId":"JyXO99tAXRqHwIxp","workflowName":"Repair Tracker - WhatsApp Notifications","executionId":"72","nodeType":"n8n-nodes-base.webhook","nodeName":"Webhook - Repair Update","nodeId":"e2b978d4-aef7-40a7-861b-2ce96746b959"}}
{"__type":"$$EventMessageConfirm","confirm":"4a263174-856c-431e-8c86-d66af678a525","ts":"2025-11-15T19:17:17.393+03:00","source":{"id":"0","name":"eventBus"}}
{"__type":"$$EventMessageNode","id":"522a7e02-1862-4b91-8770-8ee4ac390b13","ts":"2025-11-15T19:17:17.395+03:00","eventName":"n8n.node.started","message":"n8n.node.started","payload":{"workflowId":"JyXO99tAXRqHwIxp","workflowName":"Repair Tracker - WhatsApp Notifications","executionId":"72","nodeType":"n8n-nodes-base.switch","nodeName":"Check Action Type","nodeId":"78d3dc73-c71e-4885-9e14-e2ec95ba910b"}}
{"__type":"$$EventMessageConfirm","confirm":"522a7e02-1862-4b91-8770-8ee4ac390b13","ts":"2025-11-15T19:17:17.396+03:00","source":{"id":"0","name":"eventBus"}}
{"__type":"$$EventMessageNode","id":"54a540ea-0da0-421c-9dde-cba878f680d8","ts":"2025-11-15T19:17:17.398+03:00","eventName":"n8n.node.finished","message":"n8n.node.finished","payload":{"workflowId":"JyXO99tAXRqHwIxp","workflowName":"Repair Tracker - WhatsApp Notifications","executionId":"72","nodeType":"n8n-nodes-base.switch","nodeName":"Check Action Type","nodeId":"78d3dc73-c71e-4885-9e14-e2ec95ba910b"}}
{"__type":"$$EventMessageConfirm","confirm":"54a540ea-0da0-421c-9dde-cba878f680d8","ts":"2025-11-15T19:17:17.398+03:00","source":{"id":"0","name":"eventBus"}}
{"__type":"$$EventMessageNode","id":"c7899f16-ec3f-44ba-9683-3495c15a928f","ts":"2025-11-15T19:17:17.398+03:00","eventName":"n8n.node.started","message":"n8n.node.started","payload":{"workflowId":"JyXO99tAXRqHwIxp","workflowName":"Repair Tracker - WhatsApp Notifications","executionId":"72","nodeType":"n8n-nodes-base.set","nodeName":"Prepare New Repair Message","nodeId":"0f425ad0-516d-4d72-8fed-177691b7fdbd"}}
{"__type":"$$EventMessageConfirm","confirm":"c7899f16-ec3f-44ba-9683-3495c15a928f","ts":"2025-11-15T19:17:17.398+03:00","source":{"id":"0","name":"eventBus"}}
{"__type":"$$EventMessageNode","id":"d7d201f0-be83-4594-a94c-80bee9ba2226","ts":"2025-11-15T19:17:17.402+03:00","eventName":"n8n.node.finished","message":"n8n.node.finished","payload":{"workflowId":"JyXO99tAXRqHwIxp","workflowName":"Repair Tracker - WhatsApp Notifications","executionId":"72","nodeType":"n8n-nodes-base.set","nodeName":"Prepare New Repair Message","nodeId":"0f425ad0-516d-4d72-8fed-177691b7fdbd"}}
{"__type":"$$EventMessageConfirm","confirm":"d7d201f0-be83-4594-a94c-80bee9ba2226","ts":"2025-11-15T19:17:17.402+03:00","source":{"id":"0","name":"eventBus"}}
{"__type":"$$EventMessageNode","id":"b6b39bb4-32d3-42e1-90b8-c8adedaa4680","ts":"2025-11-15T19:17:17.402+03:00","eventName":"n8n.node.started","message":"n8n.node.started","payload":{"workflowId":"JyXO99tAXRqHwIxp","workflowName":"Repair Tracker - WhatsApp Notifications","executionId":"72","nodeType":"n8n-nodes-base.function","nodeName":"Format Phone Number","nodeId":"6f067f99-b258-4f5a-b2fd-0b77cb9ee265"}}
{"__type":"$$EventMessageConfirm","confirm":"b6b39bb4-32d3-42e1-90b8-c8adedaa4680","ts":"2025-11-15T19:17:17.402+03:00","source":{"id":"0","name":"eventBus"}}
{"__type":"$$EventMessageNode","id":"405b9d02-75dd-4c40-a2de-5c4fd281a978","ts":"2025-11-15T19:17:17.406+03:00","eventName":"n8n.node.finished","message":"n8n.node.finished","payload":{"workflowId":"JyXO99tAXRqHwIxp","workflowName":"Repair Tracker - WhatsApp Notifications","executionId":"72","nodeType":"n8n-nodes-base.function","nodeName":"Format Phone Number","nodeId":"6f067f99-b258-4f5a-b2fd-0b77cb9ee265"}}
{"__type":"$$EventMessageConfirm","confirm":"405b9d02-75dd-4c40-a2de-5c4fd281a978","ts":"2025-11-15T19:17:17.406+03:00","source":{"id":"0","name":"eventBus"}}
{"__type":"$$EventMessageNode","id":"43bdef1e-c1ca-4be1-8640-5f9d152b8c87","ts":"2025-11-15T19:17:17.407+03:00","eventName":"n8n.node.started","message":"n8n.node.started","payload":{"workflowId":"JyXO99tAXRqHwIxp","workflowName":"Repair Tracker - WhatsApp Notifications","executionId":"72","nodeType":"n8n-nodes-base.httpRequest","nodeName":"Send WhatsApp Message","nodeId":"be0bed73-23d1-4dd2-90f7-73c8266818f7"}}
{"__type":"$$EventMessageConfirm","confirm":"43bdef1e-c1ca-4be1-8640-5f9d152b8c87","ts":"2025-11-15T19:17:17.407+03:00","source":{"id":"0","name":"eventBus"}}
{"__type":"$$EventMessageNode","id":"49eeb5aa-7a32-4e37-b68d-cd4d692ec067","ts":"2025-11-15T19:17:18.069+03:00","eventName":"n8n.node.finished","message":"n8n.node.finished","payload":{"workflowId":"JyXO99tAXRqHwIxp","workflowName":"Repair Tracker - WhatsApp Notifications","executionId":"72","nodeType":"n8n-nodes-base.httpRequest","nodeName":"Send WhatsApp Message","nodeId":"be0bed73-23d1-4dd2-90f7-73c8266818f7"}}
{"__type":"$$EventMessageConfirm","confirm":"49eeb5aa-7a32-4e37-b68d-cd4d692ec067","ts":"2025-11-15T19:17:18.070+03:00","source":{"id":"0","name":"eventBus"}}
{"__type":"$$EventMessageNode","id":"3127740e-1bec-4a72-a821-db019fe4080c","ts":"2025-11-15T19:17:18.070+03:00","eventName":"n8n.node.started","message":"n8n.node.started","payload":{"workflowId":"JyXO99tAXRqHwIxp","workflowName":"Repair Tracker - WhatsApp Notifications","executionId":"72","nodeType":"n8n-nodes-base.if","nodeName":"Check for Errors","nodeId":"f8f6cfe8-bac7-4649-9bda-d38275fb0574"}}
{"__type":"$$EventMessageConfirm","confirm":"3127740e-1bec-4a72-a821-db019fe4080c","ts":"2025-11-15T19:17:18.070+03:00","source":{"id":"0","name":"eventBus"}}
{"__type":"$$EventMessageNode","id":"91192662-57bd-45f4-af39-ae58eb9e2499","ts":"2025-11-15T19:17:18.071+03:00","eventName":"n8n.node.finished","message":"n8n.node.finished","payload":{"workflowId":"JyXO99tAXRqHwIxp","workflowName":"Repair Tracker - WhatsApp Notifications","executionId":"72","nodeType":"n8n-nodes-base.if","nodeName":"Check for Errors","nodeId":"f8f6cfe8-bac7-4649-9bda-d38275fb0574"}}
{"__type":"$$EventMessageConfirm","confirm":"91192662-57bd-45f4-af39-ae58eb9e2499","ts":"2025-11-15T19:17:18.071+03:00","source":{"id":"0","name":"eventBus"}}
{"__type":"$$EventMessageNode","id":"e4545c27-0caf-45a3-844d-1b118e0fb9c1","ts":"2025-11-15T19:17:18.071+03:00","eventName":"n8n.node.started","message":"n8n.node.started","payload":{"workflowId":"JyXO99tAXRqHwIxp","workflowName":"Repair Tracker - WhatsApp Notifications","executionId":"72","nodeType":"n8n-nodes-base.set","nodeName":"Prepare Success Log","nodeId":"b5d87ae7-8816-44a4-87a3-4aad20931704"}}
{"__type":"$$EventMessageConfirm","confirm":"e4545c27-0caf-45a3-844d-1b118e0fb9c1","ts":"2025-11-15T19:17:18.071+03:00","source":{"id":"0","name":"eventBus"}}
{"__type":"$$EventMessageNode","id":"6333330d-2b3f-4881-b729-9cdc3c12a067","ts":"2025-11-15T19:17:18.104+03:00","eventName":"n8n.node.finished","message":"n8n.node.finished","payload":{"workflowId":"JyXO99tAXRqHwIxp","workflowName":"Repair Tracker - WhatsApp Notifications","executionId":"72","nodeType":"n8n-nodes-base.set","nodeName":"Prepare Success Log","nodeId":"b5d87ae7-8816-44a4-87a3-4aad20931704"}}
{"__type":"$$EventMessageConfirm","confirm":"6333330d-2b3f-4881-b729-9cdc3c12a067","ts":"2025-11-15T19:17:18.104+03:00","source":{"id":"0","name":"eventBus"}}
{"__type":"$$EventMessageNode","id":"09fb6f34-1df0-4d53-97ec-f1427ee2561a","ts":"2025-11-15T19:17:18.105+03:00","eventName":"n8n.node.started","message":"n8n.node.started","payload":{"workflowId":"JyXO99tAXRqHwIxp","workflowName":"Repair Tracker - WhatsApp Notifications","executionId":"72","nodeType":"n8n-nodes-base.telegram","nodeName":"Send a text message","nodeId":"44aeb5d5-c11d-4306-b689-76b5e997df4d"}}
{"__type":"$$EventMessageConfirm","confirm":"09fb6f34-1df0-4d53-97ec-f1427ee2561a","ts":"2025-11-15T19:17:18.105+03:00","source":{"id":"0","name":"eventBus"}}
{"__type":"$$EventMessageNode","id":"e426345a-7cc2-4758-ac1b-8debada56440","ts":"2025-11-15T19:17:18.214+03:00","eventName":"n8n.node.finished","message":"n8n.node.finished","payload":{"workflowId":"JyXO99tAXRqHwIxp","workflowName":"Repair Tracker - WhatsApp Notifications","executionId":"72","nodeType":"n8n-nodes-base.telegram","nodeName":"Send a text message","nodeId":"44aeb5d5-c11d-4306-b689-76b5e997df4d"}}
{"__type":"$$EventMessageConfirm","confirm":"e426345a-7cc2-4758-ac1b-8debada56440","ts":"2025-11-15T19:17:18.214+03:00","source":{"id":"0","name":"eventBus"}}
{"__type":"$$EventMessageNode","id":"ae91845a-d2b8-4263-8d24-b8dafdf5defd","ts":"2025-11-15T19:17:18.215+03:00","eventName":"n8n.node.started","message":"n8n.node.started","payload":{"workflowId":"JyXO99tAXRqHwIxp","workflowName":"Repair Tracker - WhatsApp Notifications","executionId":"72","nodeType":"n8n-nodes-base.googleSheets","nodeName":"Log to Google Sheets","nodeId":"33c36864-20ef-426a-8683-9c0e7feb44a3"}}
{"__type":"$$EventMessageConfirm","confirm":"ae91845a-d2b8-4263-8d24-b8dafdf5defd","ts":"2025-11-15T19:17:18.215+03:00","source":{"id":"0","name":"eventBus"}}
{"__type":"$$EventMessageNode","id":"dea8868d-d598-4b05-94f9-0bbe2fde0dde","ts":"2025-11-15T19:17:20.665+03:00","eventName":"n8n.node.finished","message":"n8n.node.finished","payload":{"workflowId":"JyXO99tAXRqHwIxp","workflowName":"Repair Tracker - WhatsApp Notifications","executionId":"72","nodeType":"n8n-nodes-base.googleSheets","nodeName":"Log to Google Sheets","nodeId":"33c36864-20ef-426a-8683-9c0e7feb44a3"}}
{"__type":"$$EventMessageConfirm","confirm":"dea8868d-d598-4b05-94f9-0bbe2fde0dde","ts":"2025-11-15T19:17:20.665+03:00","source":{"id":"0","name":"eventBus"}}
{"__type":"$$EventMessageWorkflow","id":"8a32dc7b-f467-45be-93eb-43bb7ed5906a","ts":"2025-11-15T19:17:20.666+03:00","eventName":"n8n.workflow.success","message":"n8n.workflow.success","payload":{"userId":"1bed3f9d-86be-4c5a-aeaf-10fb608b575b","executionId":"72","success":true,"isManual":true,"workflowId":"JyXO99tAXRqHwIxp","workflowName":"Repair Tracker - WhatsApp Notifications"}}
{"__type":"$$EventMessageConfirm","confirm":"8a32dc7b-f467-45be-93eb-43bb7ed5906a","ts":"2025-11-15T19:17:20.667+03:00","source":{"id":"0","name":"eventBus"}}
{"__type":"$$EventMessageAudit","id":"e577c635-41b5-420b-9c73-4f467283f695","ts":"2025-11-15T19:19:23.552+03:00","eventName":"n8n.audit.workflow.updated","message":"n8n.audit.workflow.updated","payload":{"userId":"1bed3f9d-86be-4c5a-aeaf-10fb608b575b","_email":"ualiamer7@gmail.com","_firstName":"Ali","_lastName":"Amer","globalRole":"global:owner","workflowId":"JyXO99tAXRqHwIxp","workflowName":"Repair Tracker - WhatsApp Notifications"}}
{"__type":"$$EventMessageConfirm","confirm":"e577c635-41b5-420b-9c73-4f467283f695","ts":"2025-11-15T19:19:23.552+03:00","source":{"id":"0","name":"eventBus"}}
{"__type":"$$EventMessageWorkflow","id":"7e266a0f-16f6-40dd-b77e-d3176166e773","ts":"2025-11-15T19:19:25.803+03:00","eventName":"n8n.workflow.started","message":"n8n.workflow.started","payload":{"executionId":"73","workflowId":"JyXO99tAXRqHwIxp","isManual":false,"workflowName":"Repair Tracker - WhatsApp Notifications"}}
{"__type":"$$EventMessageConfirm","confirm":"7e266a0f-16f6-40dd-b77e-d3176166e773","ts":"2025-11-15T19:19:25.803+03:00","source":{"id":"0","name":"eventBus"}}
{"__type":"$$EventMessageNode","id":"efe31969-97a1-4cfe-97d9-6117ba0de5a6","ts":"2025-11-15T19:19:25.804+03:00","eventName":"n8n.node.started","message":"n8n.node.started","payload":{"workflowId":"JyXO99tAXRqHwIxp","workflowName":"Repair Tracker - WhatsApp Notifications","executionId":"73","nodeType":"n8n-nodes-base.webhook","nodeName":"Webhook - Repair Update","nodeId":"e2b978d4-aef7-40a7-861b-2ce96746b959"}}
{"__type":"$$EventMessageConfirm","confirm":"efe31969-97a1-4cfe-97d9-6117ba0de5a6","ts":"2025-11-15T19:19:25.804+03:00","source":{"id":"0","name":"eventBus"}}
{"__type":"$$EventMessageNode","id":"2f1b2287-f9ba-4efa-bb73-54c98902916c","ts":"2025-11-15T19:19:25.805+03:00","eventName":"n8n.node.finished","message":"n8n.node.finished","payload":{"workflowId":"JyXO99tAXRqHwIxp","workflowName":"Repair Tracker - WhatsApp Notifications","executionId":"73","nodeType":"n8n-nodes-base.webhook","nodeName":"Webhook - Repair Update","nodeId":"e2b978d4-aef7-40a7-861b-2ce96746b959"}}
{"__type":"$$EventMessageConfirm","confirm":"2f1b2287-f9ba-4efa-bb73-54c98902916c","ts":"2025-11-15T19:19:25.805+03:00","source":{"id":"0","name":"eventBus"}}
{"__type":"$$EventMessageNode","id":"7a5dd13c-1ee3-4ce0-9fdd-5c2588639b2d","ts":"2025-11-15T19:19:25.805+03:00","eventName":"n8n.node.started","message":"n8n.node.started","payload":{"workflowId":"JyXO99tAXRqHwIxp","workflowName":"Repair Tracker - WhatsApp Notifications","executionId":"73","nodeType":"n8n-nodes-base.switch","nodeName":"Check Action Type","nodeId":"78d3dc73-c71e-4885-9e14-e2ec95ba910b"}}
{"__type":"$$EventMessageConfirm","confirm":"7a5dd13c-1ee3-4ce0-9fdd-5c2588639b2d","ts":"2025-11-15T19:19:25.805+03:00","source":{"id":"0","name":"eventBus"}}
{"__type":"$$EventMessageNode","id":"69a76f61-5d2e-463d-ab86-3406fdec613e","ts":"2025-11-15T19:19:25.808+03:00","eventName":"n8n.node.finished","message":"n8n.node.finished","payload":{"workflowId":"JyXO99tAXRqHwIxp","workflowName":"Repair Tracker - WhatsApp Notifications","executionId":"73","nodeType":"n8n-nodes-base.switch","nodeName":"Check Action Type","nodeId":"78d3dc73-c71e-4885-9e14-e2ec95ba910b"}}
{"__type":"$$EventMessageConfirm","confirm":"69a76f61-5d2e-463d-ab86-3406fdec613e","ts":"2025-11-15T19:19:25.808+03:00","source":{"id":"0","name":"eventBus"}}
{"__type":"$$EventMessageNode","id":"c75d0240-61b3-4e51-98f7-8c118a55c2a8","ts":"2025-11-15T19:19:25.808+03:00","eventName":"n8n.node.started","message":"n8n.node.started","payload":{"workflowId":"JyXO99tAXRqHwIxp","workflowName":"Repair Tracker - WhatsApp Notifications","executionId":"73","nodeType":"n8n-nodes-base.set","nodeName":"Prepare New Repair Message","nodeId":"0f425ad0-516d-4d72-8fed-177691b7fdbd"}}
{"__type":"$$EventMessageConfirm","confirm":"c75d0240-61b3-4e51-98f7-8c118a55c2a8","ts":"2025-11-15T19:19:25.808+03:00","source":{"id":"0","name":"eventBus"}}
{"__type":"$$EventMessageNode","id":"7752dbd6-91f9-4a60-b20a-397dd40a24f2","ts":"2025-11-15T19:19:25.810+03:00","eventName":"n8n.node.finished","message":"n8n.node.finished","payload":{"workflowId":"JyXO99tAXRqHwIxp","workflowName":"Repair Tracker - WhatsApp Notifications","executionId":"73","nodeType":"n8n-nodes-base.set","nodeName":"Prepare New Repair Message","nodeId":"0f425ad0-516d-4d72-8fed-177691b7fdbd"}}
{"__type":"$$EventMessageConfirm","confirm":"7752dbd6-91f9-4a60-b20a-397dd40a24f2","ts":"2025-11-15T19:19:25.810+03:00","source":{"id":"0","name":"eventBus"}}
{"__type":"$$EventMessageNode","id":"0274e3f0-29b1-4e6a-8225-401c123e5f34","ts":"2025-11-15T19:19:25.811+03:00","eventName":"n8n.node.started","message":"n8n.node.started","payload":{"workflowId":"JyXO99tAXRqHwIxp","workflowName":"Repair Tracker - WhatsApp Notifications","executionId":"73","nodeType":"n8n-nodes-base.function","nodeName":"Format Phone Number","nodeId":"6f067f99-b258-4f5a-b2fd-0b77cb9ee265"}}
{"__type":"$$EventMessageConfirm","confirm":"0274e3f0-29b1-4e6a-8225-401c123e5f34","ts":"2025-11-15T19:19:25.812+03:00","source":{"id":"0","name":"eventBus"}}
{"__type":"$$EventMessageNode","id":"80fc43c7-4d5c-45c4-ace5-f1d5d1327c98","ts":"2025-11-15T19:19:25.816+03:00","eventName":"n8n.node.finished","message":"n8n.node.finished","payload":{"workflowId":"JyXO99tAXRqHwIxp","workflowName":"Repair Tracker - WhatsApp Notifications","executionId":"73","nodeType":"n8n-nodes-base.function","nodeName":"Format Phone Number","nodeId":"6f067f99-b258-4f5a-b2fd-0b77cb9ee265"}}
{"__type":"$$EventMessageConfirm","confirm":"80fc43c7-4d5c-45c4-ace5-f1d5d1327c98","ts":"2025-11-15T19:19:25.816+03:00","source":{"id":"0","name":"eventBus"}}
{"__type":"$$EventMessageNode","id":"6b78658a-8a03-4b89-9836-f951399872be","ts":"2025-11-15T19:19:25.817+03:00","eventName":"n8n.node.started","message":"n8n.node.started","payload":{"workflowId":"JyXO99tAXRqHwIxp","workflowName":"Repair Tracker - WhatsApp Notifications","executionId":"73","nodeType":"n8n-nodes-base.httpRequest","nodeName":"Send WhatsApp Message","nodeId":"be0bed73-23d1-4dd2-90f7-73c8266818f7"}}
{"__type":"$$EventMessageConfirm","confirm":"6b78658a-8a03-4b89-9836-f951399872be","ts":"2025-11-15T19:19:25.817+03:00","source":{"id":"0","name":"eventBus"}}
{"__type":"$$EventMessageNode","id":"10c04fbf-0111-4cc1-8fb4-4af283f2213c","ts":"2025-11-15T19:19:26.439+03:00","eventName":"n8n.node.finished","message":"n8n.node.finished","payload":{"workflowId":"JyXO99tAXRqHwIxp","workflowName":"Repair Tracker - WhatsApp Notifications","executionId":"73","nodeType":"n8n-nodes-base.httpRequest","nodeName":"Send WhatsApp Message","nodeId":"be0bed73-23d1-4dd2-90f7-73c8266818f7"}}
{"__type":"$$EventMessageConfirm","confirm":"10c04fbf-0111-4cc1-8fb4-4af283f2213c","ts":"2025-11-15T19:19:26.439+03:00","source":{"id":"0","name":"eventBus"}}
{"__type":"$$EventMessageNode","id":"d89a6188-474f-45f1-aefb-dd09c73b3871","ts":"2025-11-15T19:19:26.440+03:00","eventName":"n8n.node.started","message":"n8n.node.started","payload":{"workflowId":"JyXO99tAXRqHwIxp","workflowName":"Repair Tracker - WhatsApp Notifications","executionId":"73","nodeType":"n8n-nodes-base.if","nodeName":"Check for Errors","nodeId":"f8f6cfe8-bac7-4649-9bda-d38275fb0574"}}
{"__type":"$$EventMessageConfirm","confirm":"d89a6188-474f-45f1-aefb-dd09c73b3871","ts":"2025-11-15T19:19:26.440+03:00","source":{"id":"0","name":"eventBus"}}
{"__type":"$$EventMessageNode","id":"0ff5862f-f8c3-4e99-a037-24e37c944279","ts":"2025-11-15T19:19:26.441+03:00","eventName":"n8n.node.finished","message":"n8n.node.finished","payload":{"workflowId":"JyXO99tAXRqHwIxp","workflowName":"Repair Tracker - WhatsApp Notifications","executionId":"73","nodeType":"n8n-nodes-base.if","nodeName":"Check for Errors","nodeId":"f8f6cfe8-bac7-4649-9bda-d38275fb0574"}}
{"__type":"$$EventMessageConfirm","confirm":"0ff5862f-f8c3-4e99-a037-24e37c944279","ts":"2025-11-15T19:19:26.441+03:00","source":{"id":"0","name":"eventBus"}}
{"__type":"$$EventMessageWorkflow","id":"e499d438-0592-4d71-bea1-b9b604b91341","ts":"2025-11-15T19:19:26.443+03:00","eventName":"n8n.workflow.failed","message":"n8n.workflow.failed","payload":{"userId":"1bed3f9d-86be-4c5a-aeaf-10fb608b575b","executionId":"73","success":false,"isManual":true,"workflowId":"JyXO99tAXRqHwIxp","workflowName":"Repair Tracker - WhatsApp Notifications","lastNodeExecuted":"Check for Errors","errorNodeType":"n8n-nodes-base.if","errorMessage":"Wrong type: '' is a string but was expecting an object [condition 1, item 0]"}}
{"__type":"$$EventMessageConfirm","confirm":"e499d438-0592-4d71-bea1-b9b604b91341","ts":"2025-11-15T19:19:26.443+03:00","source":{"id":"0","name":"eventBus"}}
{"__type":"$$EventMessageWorkflow","id":"dc7eaa73-6160-43c7-841f-65ee3223ae32","ts":"2025-11-15T19:20:16.996+03:00","eventName":"n8n.workflow.started","message":"n8n.workflow.started","payload":{"executionId":"74","workflowId":"JyXO99tAXRqHwIxp","isManual":false,"workflowName":"Repair Tracker - WhatsApp Notifications"}}
{"__type":"$$EventMessageConfirm","confirm":"dc7eaa73-6160-43c7-841f-65ee3223ae32","ts":"2025-11-15T19:20:16.996+03:00","source":{"id":"0","name":"eventBus"}}
{"__type":"$$EventMessageNode","id":"06cb3ed5-6c37-4bcb-b51b-086f87df45df","ts":"2025-11-15T19:20:16.997+03:00","eventName":"n8n.node.started","message":"n8n.node.started","payload":{"workflowId":"JyXO99tAXRqHwIxp","workflowName":"Repair Tracker - WhatsApp Notifications","executionId":"74","nodeType":"n8n-nodes-base.if","nodeName":"Check for Errors","nodeId":"f8f6cfe8-bac7-4649-9bda-d38275fb0574"}}
{"__type":"$$EventMessageConfirm","confirm":"06cb3ed5-6c37-4bcb-b51b-086f87df45df","ts":"2025-11-15T19:20:16.997+03:00","source":{"id":"0","name":"eventBus"}}
{"__type":"$$EventMessageNode","id":"5c83f9d8-a4c7-4e58-a6c4-8f6e0d54c069","ts":"2025-11-15T19:20:17.001+03:00","eventName":"n8n.node.finished","message":"n8n.node.finished","payload":{"workflowId":"JyXO99tAXRqHwIxp","workflowName":"Repair Tracker - WhatsApp Notifications","executionId":"74","nodeType":"n8n-nodes-base.if","nodeName":"Check for Errors","nodeId":"f8f6cfe8-bac7-4649-9bda-d38275fb0574"}}
{"__type":"$$EventMessageConfirm","confirm":"5c83f9d8-a4c7-4e58-a6c4-8f6e0d54c069","ts":"2025-11-15T19:20:17.001+03:00","source":{"id":"0","name":"eventBus"}}
{"__type":"$$EventMessageWorkflow","id":"1688cd64-f695-4553-8193-3e9f0a6773a0","ts":"2025-11-15T19:20:17.003+03:00","eventName":"n8n.workflow.success","message":"n8n.workflow.success","payload":{"userId":"1bed3f9d-86be-4c5a-aeaf-10fb608b575b","executionId":"74","success":true,"isManual":true,"workflowId":"JyXO99tAXRqHwIxp","workflowName":"Repair Tracker - WhatsApp Notifications"}}
{"__type":"$$EventMessageConfirm","confirm":"1688cd64-f695-4553-8193-3e9f0a6773a0","ts":"2025-11-15T19:20:17.003+03:00","source":{"id":"0","name":"eventBus"}}
{"__type":"$$EventMessageAudit","id":"50995495-5ea5-4f6b-9077-7fe16a0104ca","ts":"2025-11-15T19:20:24.779+03:00","eventName":"n8n.audit.workflow.updated","message":"n8n.audit.workflow.updated","payload":{"userId":"1bed3f9d-86be-4c5a-aeaf-10fb608b575b","_email":"ualiamer7@gmail.com","_firstName":"Ali","_lastName":"Amer","globalRole":"global:owner","workflowId":"JyXO99tAXRqHwIxp","workflowName":"Repair Tracker - WhatsApp Notifications"}}
{"__type":"$$EventMessageConfirm","confirm":"50995495-5ea5-4f6b-9077-7fe16a0104ca","ts":"2025-11-15T19:20:24.779+03:00","source":{"id":"0","name":"eventBus"}}
{"__type":"$$EventMessageWorkflow","id":"f102f74f-7fbf-4b33-a132-14f1064ff2f2","ts":"2025-11-15T19:21:34.231+03:00","eventName":"n8n.workflow.started","message":"n8n.workflow.started","payload":{"executionId":"75","workflowId":"JyXO99tAXRqHwIxp","isManual":false,"workflowName":"Repair Tracker - WhatsApp Notifications"}}
{"__type":"$$EventMessageConfirm","confirm":"f102f74f-7fbf-4b33-a132-14f1064ff2f2","ts":"2025-11-15T19:21:34.231+03:00","source":{"id":"0","name":"eventBus"}}
{"__type":"$$EventMessageNode","id":"0d6c2bc5-74ad-4dee-90de-31af96117361","ts":"2025-11-15T19:21:34.232+03:00","eventName":"n8n.node.started","message":"n8n.node.started","payload":{"workflowId":"JyXO99tAXRqHwIxp","workflowName":"Repair Tracker - WhatsApp Notifications","executionId":"75","nodeType":"n8n-nodes-base.httpRequest","nodeName":"Send WhatsApp Message","nodeId":"be0bed73-23d1-4dd2-90f7-73c8266818f7"}}
{"__type":"$$EventMessageConfirm","confirm":"0d6c2bc5-74ad-4dee-90de-31af96117361","ts":"2025-11-15T19:21:34.232+03:00","source":{"id":"0","name":"eventBus"}}
{"__type":"$$EventMessageNode","id":"3e08b393-26f1-45ce-b2d3-b307b2f5ef2c","ts":"2025-11-15T19:21:34.862+03:00","eventName":"n8n.node.finished","message":"n8n.node.finished","payload":{"workflowId":"JyXO99tAXRqHwIxp","workflowName":"Repair Tracker - WhatsApp Notifications","executionId":"75","nodeType":"n8n-nodes-base.httpRequest","nodeName":"Send WhatsApp Message","nodeId":"be0bed73-23d1-4dd2-90f7-73c8266818f7"}}
{"__type":"$$EventMessageConfirm","confirm":"3e08b393-26f1-45ce-b2d3-b307b2f5ef2c","ts":"2025-11-15T19:21:34.862+03:00","source":{"id":"0","name":"eventBus"}}
{"__type":"$$EventMessageWorkflow","id":"d93ce256-a075-463e-bb54-c59a69adddc5","ts":"2025-11-15T19:21:34.864+03:00","eventName":"n8n.workflow.success","message":"n8n.workflow.success","payload":{"userId":"1bed3f9d-86be-4c5a-aeaf-10fb608b575b","executionId":"75","success":true,"isManual":true,"workflowId":"JyXO99tAXRqHwIxp","workflowName":"Repair Tracker - WhatsApp Notifications"}}
{"__type":"$$EventMessageConfirm","confirm":"d93ce256-a075-463e-bb54-c59a69adddc5","ts":"2025-11-15T19:21:34.865+03:00","source":{"id":"0","name":"eventBus"}}
{"__type":"$$EventMessageAudit","id":"9c74fb90-a76b-499b-8072-1ca17501e993","ts":"2025-11-15T19:28:06.452+03:00","eventName":"n8n.audit.workflow.updated","message":"n8n.audit.workflow.updated","payload":{"userId":"1bed3f9d-86be-4c5a-aeaf-10fb608b575b","_email":"ualiamer7@gmail.com","_firstName":"Ali","_lastName":"Amer","globalRole":"global:owner","workflowId":"JyXO99tAXRqHwIxp","workflowName":"Repair Tracker - WhatsApp Notifications"}}
{"__type":"$$EventMessageConfirm","confirm":"9c74fb90-a76b-499b-8072-1ca17501e993","ts":"2025-11-15T19:28:06.453+03:00","source":{"id":"0","name":"eventBus"}}
